<?xml version="1.0" encoding="UTF-8"?>
<testsuite xmlns:xsi="http://www.w3.org/2001/XMLSchema-instance" xsi:noNamespaceSchemaLocation="https://maven.apache.org/surefire/maven-surefire-plugin/xsd/surefire-test-report.xsd" name="cucumber.Options.TestRunner" time="0.77" tests="1" errors="1" skipped="0" failures="0">
  <properties>
[...]
</properties>
  <testcase name="initializationError" classname="cucumber.Options.TestRunner" time="0.006">
    <error message="Error parsing feature file placeValidations.feature" type="cucumber.runtime.CucumberException">cucumber.runtime.CucumberException: Error parsing feature file placeValidations.feature
Caused by: gherkin.lexer.LexingError: 
Lexing error on line 24: '@DeletePlace @Regression	       #multiple tags can also be given, and any tag name can be used to trigger te scenario
Scenario: Verify if delete Place functionality is working

	Given DeletePlace Payload
	When user calls "DeletePlaceAPI" with "Post" http request
	Then the API call got success with status code 200
	And "status" in response body is "OK" 
%_FEATURE_END_%'. See http://wiki.github.com/cucumber/gherkin/lexingerror for more information.
</error>
  </testcase>
</testsuite>